mode: set
github.com/konstellation-io/kre-runners/go-sdk/v1/sdk/messaging/messaging.go:27.49,29.2 1 1
github.com/konstellation-io/kre-runners/go-sdk/v1/sdk/messaging/messaging.go:31.84,33.2 1 0
github.com/konstellation-io/kre-runners/go-sdk/v1/sdk/messaging/messaging.go:35.115,37.2 1 0
github.com/konstellation-io/kre-runners/go-sdk/v1/sdk/messaging/messaging.go:39.72,41.2 1 0
github.com/konstellation-io/kre-runners/go-sdk/v1/sdk/messaging/messaging.go:43.103,45.2 1 0
github.com/konstellation-io/kre-runners/go-sdk/v1/sdk/messaging/messaging.go:48.88,50.2 1 0
github.com/konstellation-io/kre-runners/go-sdk/v1/sdk/messaging/messaging.go:53.87,55.2 1 0
github.com/konstellation-io/kre-runners/go-sdk/v1/sdk/messaging/messaging.go:57.46,59.2 1 0
github.com/konstellation-io/kre-runners/go-sdk/v1/sdk/messaging/messaging.go:61.40,63.2 1 0
github.com/konstellation-io/kre-runners/go-sdk/v1/sdk/messaging/messaging.go:65.43,67.2 1 0
github.com/konstellation-io/kre-runners/go-sdk/v1/sdk/messaging/messaging.go:70.48,72.2 1 0
github.com/konstellation-io/kre-runners/go-sdk/v1/sdk/messaging/messaging.go:75.47,77.2 1 0
github.com/konstellation-io/kre-runners/go-sdk/v1/sdk/messaging/messaging_internals.go:19.63,20.21 1 0
github.com/konstellation-io/kre-runners/go-sdk/v1/sdk/messaging/messaging_internals.go:20.21,22.3 1 0
github.com/konstellation-io/kre-runners/go-sdk/v1/sdk/messaging/messaging_internals.go:23.2,23.21 1 0
github.com/konstellation-io/kre-runners/go-sdk/v1/sdk/messaging/messaging_internals.go:26.116,28.16 2 0
github.com/konstellation-io/kre-runners/go-sdk/v1/sdk/messaging/messaging_internals.go:28.16,30.3 1 0
github.com/konstellation-io/kre-runners/go-sdk/v1/sdk/messaging/messaging_internals.go:31.2,31.21 1 0
github.com/konstellation-io/kre-runners/go-sdk/v1/sdk/messaging/messaging_internals.go:31.21,33.3 1 0
github.com/konstellation-io/kre-runners/go-sdk/v1/sdk/messaging/messaging_internals.go:34.2,38.12 3 0
github.com/konstellation-io/kre-runners/go-sdk/v1/sdk/messaging/messaging_internals.go:41.111,44.2 2 0
github.com/konstellation-io/kre-runners/go-sdk/v1/sdk/messaging/messaging_internals.go:46.60,54.2 2 0
github.com/konstellation-io/kre-runners/go-sdk/v1/sdk/messaging/messaging_internals.go:57.47,68.2 2 0
github.com/konstellation-io/kre-runners/go-sdk/v1/sdk/messaging/messaging_internals.go:70.86,74.16 3 0
github.com/konstellation-io/kre-runners/go-sdk/v1/sdk/messaging/messaging_internals.go:74.16,78.3 2 0
github.com/konstellation-io/kre-runners/go-sdk/v1/sdk/messaging/messaging_internals.go:80.2,81.16 2 0
github.com/konstellation-io/kre-runners/go-sdk/v1/sdk/messaging/messaging_internals.go:81.16,84.3 2 0
github.com/konstellation-io/kre-runners/go-sdk/v1/sdk/messaging/messaging_internals.go:86.2,89.16 3 0
github.com/konstellation-io/kre-runners/go-sdk/v1/sdk/messaging/messaging_internals.go:89.16,91.3 1 0
github.com/konstellation-io/kre-runners/go-sdk/v1/sdk/messaging/messaging_internals.go:94.61,96.19 2 0
github.com/konstellation-io/kre-runners/go-sdk/v1/sdk/messaging/messaging_internals.go:96.19,98.3 1 0
github.com/konstellation-io/kre-runners/go-sdk/v1/sdk/messaging/messaging_internals.go:99.2,99.22 1 0
github.com/konstellation-io/kre-runners/go-sdk/v1/sdk/messaging/messaging_internals.go:102.70,104.16 2 0
github.com/konstellation-io/kre-runners/go-sdk/v1/sdk/messaging/messaging_internals.go:104.16,106.3 1 0
github.com/konstellation-io/kre-runners/go-sdk/v1/sdk/messaging/messaging_internals.go:108.2,109.23 2 0
github.com/konstellation-io/kre-runners/go-sdk/v1/sdk/messaging/messaging_internals.go:109.23,111.3 1 0
github.com/konstellation-io/kre-runners/go-sdk/v1/sdk/messaging/messaging_internals.go:113.2,114.16 2 0
github.com/konstellation-io/kre-runners/go-sdk/v1/sdk/messaging/messaging_internals.go:114.16,116.3 1 0
github.com/konstellation-io/kre-runners/go-sdk/v1/sdk/messaging/messaging_internals.go:118.2,119.25 2 0
github.com/konstellation-io/kre-runners/go-sdk/v1/sdk/messaging/messaging_internals.go:119.25,123.3 2 0
github.com/konstellation-io/kre-runners/go-sdk/v1/sdk/messaging/messaging_internals.go:125.2,128.20 2 0
github.com/konstellation-io/kre-runners/go-sdk/v1/sdk/messaging/messaging_internals.go:131.56,133.16 2 0
github.com/konstellation-io/kre-runners/go-sdk/v1/sdk/messaging/messaging_internals.go:133.16,135.3 1 0
github.com/konstellation-io/kre-runners/go-sdk/v1/sdk/messaging/messaging_internals.go:137.2,140.25 3 0
github.com/konstellation-io/kre-runners/go-sdk/v1/sdk/messaging/messaging_internals.go:140.25,142.3 1 0
github.com/konstellation-io/kre-runners/go-sdk/v1/sdk/messaging/messaging_internals.go:144.2,144.35 1 0
github.com/konstellation-io/kre-runners/go-sdk/v1/sdk/messaging/messaging_internals.go:144.35,146.3 1 0
github.com/konstellation-io/kre-runners/go-sdk/v1/sdk/messaging/messaging_internals.go:148.2,148.27 1 0
github.com/konstellation-io/kre-runners/go-sdk/v1/sdk/messaging/messaging_internals.go:151.34,153.2 1 0
