mode: set
github.com/konstellation-io/kre-runners/go-sdk/v1/sdk/object_store/object_store.go:19.96,25.16 4 1
github.com/konstellation-io/kre-runners/go-sdk/v1/sdk/object_store/object_store.go:25.16,27.3 1 1
github.com/konstellation-io/kre-runners/go-sdk/v1/sdk/object_store/object_store.go:29.2,33.8 1 1
github.com/konstellation-io/kre-runners/go-sdk/v1/sdk/object_store/object_store.go:36.129,37.27 1 1
github.com/konstellation-io/kre-runners/go-sdk/v1/sdk/object_store/object_store.go:37.27,39.17 2 1
github.com/konstellation-io/kre-runners/go-sdk/v1/sdk/object_store/object_store.go:39.17,41.4 1 1
github.com/konstellation-io/kre-runners/go-sdk/v1/sdk/object_store/object_store.go:43.3,43.23 1 1
github.com/konstellation-io/kre-runners/go-sdk/v1/sdk/object_store/object_store.go:45.8,48.3 2 1
github.com/konstellation-io/kre-runners/go-sdk/v1/sdk/object_store/object_store.go:51.64,52.24 1 0
github.com/konstellation-io/kre-runners/go-sdk/v1/sdk/object_store/object_store.go:52.24,54.3 1 0
github.com/konstellation-io/kre-runners/go-sdk/v1/sdk/object_store/object_store.go:56.2,57.16 2 0
github.com/konstellation-io/kre-runners/go-sdk/v1/sdk/object_store/object_store.go:57.16,59.3 1 0
github.com/konstellation-io/kre-runners/go-sdk/v1/sdk/object_store/object_store.go:61.2,63.40 2 0
github.com/konstellation-io/kre-runners/go-sdk/v1/sdk/object_store/object_store.go:63.40,65.17 2 0
github.com/konstellation-io/kre-runners/go-sdk/v1/sdk/object_store/object_store.go:65.17,67.4 1 0
github.com/konstellation-io/kre-runners/go-sdk/v1/sdk/object_store/object_store.go:69.3,69.16 1 0
github.com/konstellation-io/kre-runners/go-sdk/v1/sdk/object_store/object_store.go:72.2,74.39 2 0
github.com/konstellation-io/kre-runners/go-sdk/v1/sdk/object_store/object_store.go:74.39,75.58 1 0
github.com/konstellation-io/kre-runners/go-sdk/v1/sdk/object_store/object_store.go:75.58,77.4 1 0
github.com/konstellation-io/kre-runners/go-sdk/v1/sdk/object_store/object_store.go:80.2,82.22 2 0
github.com/konstellation-io/kre-runners/go-sdk/v1/sdk/object_store/object_store.go:85.55,86.24 1 1
github.com/konstellation-io/kre-runners/go-sdk/v1/sdk/object_store/object_store.go:86.24,88.3 1 1
github.com/konstellation-io/kre-runners/go-sdk/v1/sdk/object_store/object_store.go:90.2,91.16 2 1
github.com/konstellation-io/kre-runners/go-sdk/v1/sdk/object_store/object_store.go:91.16,93.3 1 1
github.com/konstellation-io/kre-runners/go-sdk/v1/sdk/object_store/object_store.go:95.2,97.22 2 1
github.com/konstellation-io/kre-runners/go-sdk/v1/sdk/object_store/object_store.go:100.62,101.24 1 1
github.com/konstellation-io/kre-runners/go-sdk/v1/sdk/object_store/object_store.go:101.24,103.3 1 1
github.com/konstellation-io/kre-runners/go-sdk/v1/sdk/object_store/object_store.go:104.2,104.20 1 1
github.com/konstellation-io/kre-runners/go-sdk/v1/sdk/object_store/object_store.go:104.20,106.3 1 1
github.com/konstellation-io/kre-runners/go-sdk/v1/sdk/object_store/object_store.go:108.2,109.16 2 1
github.com/konstellation-io/kre-runners/go-sdk/v1/sdk/object_store/object_store.go:109.16,111.3 1 1
github.com/konstellation-io/kre-runners/go-sdk/v1/sdk/object_store/object_store.go:113.2,115.12 2 1
github.com/konstellation-io/kre-runners/go-sdk/v1/sdk/object_store/object_store.go:118.48,119.24 1 1
github.com/konstellation-io/kre-runners/go-sdk/v1/sdk/object_store/object_store.go:119.24,121.3 1 1
github.com/konstellation-io/kre-runners/go-sdk/v1/sdk/object_store/object_store.go:123.2,124.16 2 1
github.com/konstellation-io/kre-runners/go-sdk/v1/sdk/object_store/object_store.go:124.16,126.3 1 1
github.com/konstellation-io/kre-runners/go-sdk/v1/sdk/object_store/object_store.go:128.2,130.12 2 1
github.com/konstellation-io/kre-runners/go-sdk/v1/sdk/object_store/object_store.go:133.58,134.24 1 1
github.com/konstellation-io/kre-runners/go-sdk/v1/sdk/object_store/object_store.go:134.24,136.3 1 1
github.com/konstellation-io/kre-runners/go-sdk/v1/sdk/object_store/object_store.go:138.2,140.40 2 0
github.com/konstellation-io/kre-runners/go-sdk/v1/sdk/object_store/object_store.go:140.40,142.17 2 0
github.com/konstellation-io/kre-runners/go-sdk/v1/sdk/object_store/object_store.go:142.17,144.4 1 0
github.com/konstellation-io/kre-runners/go-sdk/v1/sdk/object_store/object_store.go:146.3,146.16 1 0
github.com/konstellation-io/kre-runners/go-sdk/v1/sdk/object_store/object_store.go:149.2,150.16 2 0
github.com/konstellation-io/kre-runners/go-sdk/v1/sdk/object_store/object_store.go:150.16,152.3 1 0
github.com/konstellation-io/kre-runners/go-sdk/v1/sdk/object_store/object_store.go:154.2,154.37 1 0
github.com/konstellation-io/kre-runners/go-sdk/v1/sdk/object_store/object_store.go:154.37,155.56 1 0
github.com/konstellation-io/kre-runners/go-sdk/v1/sdk/object_store/object_store.go:155.56,159.18 3 0
github.com/konstellation-io/kre-runners/go-sdk/v1/sdk/object_store/object_store.go:159.18,161.5 1 0
github.com/konstellation-io/kre-runners/go-sdk/v1/sdk/object_store/object_store.go:165.2,167.12 2 0
